<?xml version="1.0" encoding="UTF-8"?>
<!-- Generated by org.testng.reporters.JUnitReportReporter -->
<testsuite hostname="Tarakeshs-MacBook-Pro-2.local" name="com.sfdc.com.AutomationDemo.LeadTest" tests="2" failures="1" timestamp="28 Sep 2015 04:02:59 GMT" time="30.910" errors="0">
  <testcase name="testLogin" time="5.494" classname="com.sfdc.com.AutomationDemo.LeadTest"/>
  <testcase name="testLeadPage" time="25.416" classname="com.sfdc.com.AutomationDemo.LeadTest">
    <failure type="org.openqa.selenium.NoSuchWindowException" message="Unable to locate window &quot;[{22d107aa-42ef-e24c-9fb9-63d7bf035b79}, {dd05033b-b6f1-9844-bfc9-bf6af9a2067b}]&quot;
Command duration or timeout: 2.07 seconds
Build info: version: &#039;2.47.1&#039;, revision: &#039;unknown&#039;, time: &#039;2015-07-30 11:02:44&#039;
System info: host: &#039;Tarakeshs-MacBook-Pro-2.local&#039;, ip: &#039;192.168.1.117&#039;, os.name: &#039;Mac OS X&#039;, os.arch: &#039;x86_64&#039;, os.version: &#039;10.10.2&#039;, java.version: &#039;1.8.0_40&#039;
Driver info: org.openqa.selenium.firefox.FirefoxDriver
Capabilities [{applicationCacheEnabled=true, rotatable=false, handlesAlerts=true, databaseEnabled=true, version=36.0.3, platform=MAC, nativeEvents=false, acceptSslCerts=true, webStorageEnabled=true, locationContextEnabled=true, browserName=firefox, takesScreenshot=true, javascriptEnabled=true, cssSelectorsEnabled=true}]
Session ID: 2e503dab-4d15-6c4a-9996-4f8aef4e7763">
      <![CDATA[org.openqa.selenium.NoSuchWindowException: Unable to locate window "[{22d107aa-42ef-e24c-9fb9-63d7bf035b79}, {dd05033b-b6f1-9844-bfc9-bf6af9a2067b}]"
Command duration or timeout: 2.07 seconds
Build info: version: '2.47.1', revision: 'unknown', time: '2015-07-30 11:02:44'
System info: host: 'Tarakeshs-MacBook-Pro-2.local', ip: '192.168.1.117', os.name: 'Mac OS X', os.arch: 'x86_64', os.version: '10.10.2', java.version: '1.8.0_40'
Driver info: org.openqa.selenium.firefox.FirefoxDriver
Capabilities [{applicationCacheEnabled=true, rotatable=false, handlesAlerts=true, databaseEnabled=true, version=36.0.3, platform=MAC, nativeEvents=false, acceptSslCerts=true, webStorageEnabled=true, locationContextEnabled=true, browserName=firefox, takesScreenshot=true, javascriptEnabled=true, cssSelectorsEnabled=true}]
Session ID: 2e503dab-4d15-6c4a-9996-4f8aef4e7763
	at sun.reflect.NativeConstructorAccessorImpl.newInstance0(Native Method)
	at sun.reflect.NativeConstructorAccessorImpl.newInstance(NativeConstructorAccessorImpl.java:62)
	at sun.reflect.DelegatingConstructorAccessorImpl.newInstance(DelegatingConstructorAccessorImpl.java:45)
	at java.lang.reflect.Constructor.newInstance(Constructor.java:422)
	at org.openqa.selenium.remote.ErrorHandler.createThrowable(ErrorHandler.java:206)
	at org.openqa.selenium.remote.ErrorHandler.throwIfResponseFailed(ErrorHandler.java:158)
	at org.openqa.selenium.remote.RemoteWebDriver.execute(RemoteWebDriver.java:595)
	at org.openqa.selenium.remote.RemoteWebDriver$RemoteTargetLocator.window(RemoteWebDriver.java:895)
	at com.sfdc.com.AutomationDemo.LeadPage.switchTabs1(LeadPage.java:95)
	at com.sfdc.com.AutomationDemo.LeadTest.testLeadPage(LeadTest.java:67)
	at sun.reflect.NativeMethodAccessorImpl.invoke0(Native Method)
	at sun.reflect.NativeMethodAccessorImpl.invoke(NativeMethodAccessorImpl.java:62)
	at sun.reflect.DelegatingMethodAccessorImpl.invoke(DelegatingMethodAccessorImpl.java:43)
	at java.lang.reflect.Method.invoke(Method.java:497)
	at org.testng.internal.MethodInvocationHelper.invokeMethod(MethodInvocationHelper.java:80)
	at org.testng.internal.Invoker.invokeMethod(Invoker.java:673)
	at org.testng.internal.Invoker.invokeTestMethod(Invoker.java:842)
	at org.testng.internal.Invoker.invokeTestMethods(Invoker.java:1166)
	at org.testng.internal.TestMethodWorker.invokeTestMethods(TestMethodWorker.java:125)
	at org.testng.internal.TestMethodWorker.run(TestMethodWorker.java:109)
	at org.testng.TestRunner.runWorkers(TestRunner.java:1178)
	at org.testng.TestRunner.privateRun(TestRunner.java:757)
	at org.testng.TestRunner.run(TestRunner.java:608)
	at org.testng.SuiteRunner.runTest(SuiteRunner.java:334)
	at org.testng.SuiteRunner.runSequentially(SuiteRunner.java:329)
	at org.testng.SuiteRunner.privateRun(SuiteRunner.java:291)
	at org.testng.SuiteRunner.run(SuiteRunner.java:240)
	at org.testng.SuiteRunnerWorker.runSuite(SuiteRunnerWorker.java:52)
	at org.testng.SuiteRunnerWorker.run(SuiteRunnerWorker.java:86)
	at org.testng.TestNG.runSuitesSequentially(TestNG.java:1158)
	at org.testng.TestNG.runSuitesLocally(TestNG.java:1083)
	at org.testng.TestNG.run(TestNG.java:999)
	at org.testng.remote.RemoteTestNG.run(RemoteTestNG.java:111)
	at org.testng.remote.RemoteTestNG.initAndRun(RemoteTestNG.java:203)
	at org.testng.remote.RemoteTestNG.main(RemoteTestNG.java:174)
Caused by: org.openqa.selenium.NoSuchWindowException: Unable to locate window "[{22d107aa-42ef-e24c-9fb9-63d7bf035b79}, {dd05033b-b6f1-9844-bfc9-bf6af9a2067b}]"
Build info: version: '2.47.1', revision: 'unknown', time: '2015-07-30 11:02:44'
System info: host: 'Tarakeshs-MacBook-Pro-2.local', ip: '192.168.1.117', os.name: 'Mac OS X', os.arch: 'x86_64', os.version: '10.10.2', java.version: '1.8.0_40'
Driver info: driver.version: unknown
	at <anonymous class>.nsCommandProcessor.prototype.switchToWindow(file:///var/folders/bc/jrv65rbj77b3zz7j6f2vqkx00000gn/T/anonymous8573903594035903194webdriver-profile/extensions/fxdriver@googlecode.com/components/command-processor.js:12730)
	at <anonymous class>.nsCommandProcessor.prototype.switchToWindow/<(file:///var/folders/bc/jrv65rbj77b3zz7j6f2vqkx00000gn/T/anonymous8573903594035903194webdriver-profile/extensions/fxdriver@googlecode.com/components/command-processor.js:12734)
]]>
    </failure>
  </testcase>
</testsuite>
